<?xml version="1.0" encoding="UTF-8"?>
<!-- Generated by org.testng.reporters.JUnitReportReporter -->
<testsuite skipped="0" hostname="TYFF-4F-32" name="com.DuesTech.TestScript.FirstTestScript" tests="1" failures="0" timestamp="2020-01-31T15:46:47 IST" time="31.274" errors="0">
  <testcase name="iphonePriceInAmazonAndFlipkartTest" time="31.274" classname="com.DuesTech.TestScript.FirstTestScript"/>
</testsuite> <!-- com.DuesTech.TestScript.FirstTestScript -->
